<?xml version="1.0" encoding="UTF-8"?>
<!-- Generated by org.testng.reporters.JUnitReportReporter -->
<testsuite skipped="0" hostname="WKSSDS003" name="com.xqt.paintpartner.PP_ADMIN_test" tests="11" failures="0" timestamp="07 Dec 2018 08:17:15 GMT" time="232.726" errors="0">
  <testcase name="coloursearch" time="22.759" classname="com.xqt.paintpartner.PP_ADMIN_test"/>
  <testcase name="colourrequest" time="13.633" classname="com.xqt.paintpartner.PP_ADMIN_test"/>
  <testcase name="managepanel" time="16.787" classname="com.xqt.paintpartner.PP_ADMIN_test"/>
  <testcase name="managecolour" time="93.321" classname="com.xqt.paintpartner.PP_ADMIN_test"/>
  <testcase name="PROFILE" time="1.498" classname="com.xqt.paintpartner.PP_ADMIN_test"/>
  <testcase name="UserRegistration" time="2.945" classname="com.xqt.paintpartner.PP_ADMIN_test"/>
  <testcase name="PRICING" time="3.792" classname="com.xqt.paintpartner.PP_ADMIN_test"/>
  <testcase name="datashare" time="2.800" classname="com.xqt.paintpartner.PP_ADMIN_test"/>
  <testcase name="Download" time="10.242" classname="com.xqt.paintpartner.PP_ADMIN_test"/>
  <testcase name="systemreport" time="8.896" classname="com.xqt.paintpartner.PP_ADMIN_test"/>
  <testcase name="mastermanagement" time="56.053" classname="com.xqt.paintpartner.PP_ADMIN_test"/>
</testsuite> <!-- com.xqt.paintpartner.PP_ADMIN_test -->
