<?xml version="1.0" encoding="UTF-8"?>
<!-- Generated by org.testng.reporters.JUnitReportReporter -->
<testsuite skipped="0" hostname="WSWD024-Naveen" name="com.xqt.paintpartner.PPDeployemetTesting" tests="1" failures="0" timestamp="27 Jul 2017 09:38:55 GMT" time="6.818" errors="0">
  <testcase name="Vierifycolourcount" time="6.818" classname="com.xqt.paintpartner.PPDeployemetTesting"/>
</testsuite> <!-- com.xqt.paintpartner.PPDeployemetTesting -->
