<?xml version="1.0" encoding="UTF-8"?>
<!-- Generated by org.testng.reporters.JUnitReportReporter -->
<testsuite skipped="0" hostname="WKSSDS003" name="com.xqt.framework.PPDeployemetTesting" tests="4" failures="0" timestamp="19 Nov 2018 04:15:04 GMT" time="250.334" errors="0">
  <testcase name="verifycolourRequestCount" time="39.635" classname="com.xqt.framework.PPDeployemetTesting"/>
  <testcase name="verifyManagecPanelmodule" time="22.203" classname="com.xqt.framework.PPDeployemetTesting"/>
  <testcase name="verifyManagecolourmodule" time="121.682" classname="com.xqt.framework.PPDeployemetTesting"/>
  <testcase name="verifymastermanagementmodule" time="66.814" classname="com.xqt.framework.PPDeployemetTesting"/>
</testsuite> <!-- com.xqt.framework.PPDeployemetTesting -->
